[debug] [2020-10-01T21:21:47.949Z] ----------------------------------------------------------------------
[debug] [2020-10-01T21:21:47.951Z] Command:       C:\Program Files\nodejs\node.exe C:\Users\YOGA 260\AppData\Roaming\npm\node_modules\firebase-tools\lib\bin\firebase.js login
[debug] [2020-10-01T21:21:47.952Z] CLI Version:   8.11.2
[debug] [2020-10-01T21:21:47.952Z] Platform:      win32
[debug] [2020-10-01T21:21:47.952Z] Node Version:  v13.11.0
[debug] [2020-10-01T21:21:47.953Z] Time:          Thu Oct 01 2020 23:21:47 GMT+0200 (Central European Summer Time)
[debug] [2020-10-01T21:21:47.954Z] ----------------------------------------------------------------------
[debug] [2020-10-01T21:21:47.954Z] 
[info] i  Firebase optionally collects CLI usage and error reporting information to help improve our products. Data is collected in accordance with Google's privacy policy (https://policies.google.com/privacy) and is not used to identify you.
 
[info] i  To change your data collection preference at any time, run `firebase logout` and log in again. 
[info] 
[info] Visit this URL on this device to log in:
[info] https://accounts.google.com/o/oauth2/auth?client_id=563584335869-fgrhgmd47bqnekij5i8b5pr03ho849e6.apps.googleusercontent.com&scope=email%20openid%20https%3A%2F%2Fwww.googleapis.com%2Fauth%2Fcloudplatformprojects.readonly%20https%3A%2F%2Fwww.googleapis.com%2Fauth%2Ffirebase%20https%3A%2F%2Fwww.googleapis.com%2Fauth%2Fcloud-platform&response_type=code&state=41095854&redirect_uri=http%3A%2F%2Flocalhost%3A9005
[info] 
[info] Waiting for authentication...
[debug] [2020-10-01T21:21:50.223Z] Error: spawn cmd ENOENT
    at Process.ChildProcess._handle.onexit (internal/child_process.js:267:19)
    at onErrorNT (internal/child_process.js:467:16)
    at processTicksAndRejections (internal/process/task_queues.js:84:21)
[error] 
[error] Error: An unexpected error has occurred.
[debug] [2020-10-01T21:25:04.288Z] ----------------------------------------------------------------------
[debug] [2020-10-01T21:25:04.290Z] Command:       C:\Program Files\nodejs\node.exe C:\Users\YOGA 260\AppData\Roaming\npm\node_modules\firebase-tools\lib\bin\firebase.js login
[debug] [2020-10-01T21:25:04.290Z] CLI Version:   8.11.2
[debug] [2020-10-01T21:25:04.291Z] Platform:      win32
[debug] [2020-10-01T21:25:04.291Z] Node Version:  v13.11.0
[debug] [2020-10-01T21:25:04.293Z] Time:          Thu Oct 01 2020 23:25:04 GMT+0200 (Central European Summer Time)
[debug] [2020-10-01T21:25:04.293Z] ----------------------------------------------------------------------
[debug] [2020-10-01T21:25:04.293Z] 
[info] i  Firebase optionally collects CLI usage and error reporting information to help improve our products. Data is collected in accordance with Google's privacy policy (https://policies.google.com/privacy) and is not used to identify you.
 
[info] i  To change your data collection preference at any time, run `firebase logout` and log in again. 
[info] 
[info] Visit this URL on this device to log in:
[info] https://accounts.google.com/o/oauth2/auth?client_id=563584335869-fgrhgmd47bqnekij5i8b5pr03ho849e6.apps.googleusercontent.com&scope=email%20openid%20https%3A%2F%2Fwww.googleapis.com%2Fauth%2Fcloudplatformprojects.readonly%20https%3A%2F%2Fwww.googleapis.com%2Fauth%2Ffirebase%20https%3A%2F%2Fwww.googleapis.com%2Fauth%2Fcloud-platform&response_type=code&state=289102325&redirect_uri=http%3A%2F%2Flocalhost%3A9005
[info] 
[info] Waiting for authentication...
[debug] [2020-10-01T21:25:06.189Z] Error: spawn cmd ENOENT
    at Process.ChildProcess._handle.onexit (internal/child_process.js:267:19)
    at onErrorNT (internal/child_process.js:467:16)
    at processTicksAndRejections (internal/process/task_queues.js:84:21)
[error] 
[error] Error: An unexpected error has occurred.
[debug] [2020-10-01T21:26:36.333Z] ----------------------------------------------------------------------
[debug] [2020-10-01T21:26:36.335Z] Command:       C:\Program Files\nodejs\node.exe C:\Users\YOGA 260\AppData\Roaming\npm\node_modules\firebase-tools\lib\bin\firebase.js login
[debug] [2020-10-01T21:26:36.335Z] CLI Version:   8.11.2
[debug] [2020-10-01T21:26:36.336Z] Platform:      win32
[debug] [2020-10-01T21:26:36.336Z] Node Version:  v13.11.0
[debug] [2020-10-01T21:26:36.337Z] Time:          Thu Oct 01 2020 23:26:36 GMT+0200 (Central European Summer Time)
[debug] [2020-10-01T21:26:36.338Z] ----------------------------------------------------------------------
[debug] [2020-10-01T21:26:36.338Z] 
[info] i  Firebase optionally collects CLI usage and error reporting information to help improve our products. Data is collected in accordance with Google's privacy policy (https://policies.google.com/privacy) and is not used to identify you.
 
[info] i  To change your data collection preference at any time, run `firebase logout` and log in again. 
[info] 
[info] Visit this URL on this device to log in:
[info] https://accounts.google.com/o/oauth2/auth?client_id=563584335869-fgrhgmd47bqnekij5i8b5pr03ho849e6.apps.googleusercontent.com&scope=email%20openid%20https%3A%2F%2Fwww.googleapis.com%2Fauth%2Fcloudplatformprojects.readonly%20https%3A%2F%2Fwww.googleapis.com%2Fauth%2Ffirebase%20https%3A%2F%2Fwww.googleapis.com%2Fauth%2Fcloud-platform&response_type=code&state=551644309&redirect_uri=http%3A%2F%2Flocalhost%3A9005
[info] 
[info] Waiting for authentication...
[debug] [2020-10-01T21:26:38.068Z] Error: spawn cmd ENOENT
    at Process.ChildProcess._handle.onexit (internal/child_process.js:267:19)
    at onErrorNT (internal/child_process.js:467:16)
    at processTicksAndRejections (internal/process/task_queues.js:84:21)
[error] 
[error] Error: An unexpected error has occurred.
[debug] [2020-10-01T21:34:41.572Z] ----------------------------------------------------------------------
[debug] [2020-10-01T21:34:41.574Z] Command:       C:\Program Files\nodejs\node.exe C:\Users\YOGA 260\AppData\Roaming\npm\node_modules\firebase-tools\lib\bin\firebase.js login --no-localhost
[debug] [2020-10-01T21:34:41.575Z] CLI Version:   8.11.2
[debug] [2020-10-01T21:34:41.575Z] Platform:      win32
[debug] [2020-10-01T21:34:41.575Z] Node Version:  v13.11.0
[debug] [2020-10-01T21:34:41.577Z] Time:          Thu Oct 01 2020 23:34:41 GMT+0200 (Central European Summer Time)
[debug] [2020-10-01T21:34:41.577Z] ----------------------------------------------------------------------
[debug] [2020-10-01T21:34:41.577Z] 
[info] i  Firebase optionally collects CLI usage and error reporting information to help improve our products. Data is collected in accordance with Google's privacy policy (https://policies.google.com/privacy) and is not used to identify you.
 
[info] i  To change your data collection preference at any time, run `firebase logout` and log in again. 
[info] 
[info] Visit this URL on any device to log in:
[info] https://accounts.google.com/o/oauth2/auth?client_id=563584335869-fgrhgmd47bqnekij5i8b5pr03ho849e6.apps.googleusercontent.com&scope=email%20openid%20https%3A%2F%2Fwww.googleapis.com%2Fauth%2Fcloudplatformprojects.readonly%20https%3A%2F%2Fwww.googleapis.com%2Fauth%2Ffirebase%20https%3A%2F%2Fwww.googleapis.com%2Fauth%2Fcloud-platform&response_type=code&state=146352474&redirect_uri=urn%3Aietf%3Awg%3Aoauth%3A2.0%3Aoob
[info] 
[debug] [2020-10-01T21:34:44.354Z] Error: spawn cmd ENOENT
    at Process.ChildProcess._handle.onexit (internal/child_process.js:267:19)
    at onErrorNT (internal/child_process.js:467:16)
    at processTicksAndRejections (internal/process/task_queues.js:84:21)
[error] 
[error] Error: An unexpected error has occurred.
[debug] [2020-10-01T21:37:23.309Z] ----------------------------------------------------------------------
[debug] [2020-10-01T21:37:23.311Z] Command:       C:\Program Files\nodejs\node.exe C:\Users\YOGA 260\AppData\Roaming\npm\node_modules\firebase-tools\lib\bin\firebase.js login
[debug] [2020-10-01T21:37:23.312Z] CLI Version:   8.11.2
[debug] [2020-10-01T21:37:23.312Z] Platform:      win32
[debug] [2020-10-01T21:37:23.312Z] Node Version:  v13.11.0
[debug] [2020-10-01T21:37:23.314Z] Time:          Thu Oct 01 2020 23:37:23 GMT+0200 (Central European Summer Time)
[debug] [2020-10-01T21:37:23.314Z] ----------------------------------------------------------------------
[debug] [2020-10-01T21:37:23.314Z] 
[info] i  Firebase optionally collects CLI usage and error reporting information to help improve our products. Data is collected in accordance with Google's privacy policy (https://policies.google.com/privacy) and is not used to identify you.
 
[info] i  To change your data collection preference at any time, run `firebase logout` and log in again. 
[info] 
[info] Visit this URL on this device to log in:
[info] https://accounts.google.com/o/oauth2/auth?client_id=563584335869-fgrhgmd47bqnekij5i8b5pr03ho849e6.apps.googleusercontent.com&scope=email%20openid%20https%3A%2F%2Fwww.googleapis.com%2Fauth%2Fcloudplatformprojects.readonly%20https%3A%2F%2Fwww.googleapis.com%2Fauth%2Ffirebase%20https%3A%2F%2Fwww.googleapis.com%2Fauth%2Fcloud-platform&response_type=code&state=514146666&redirect_uri=http%3A%2F%2Flocalhost%3A9005
[info] 
[info] Waiting for authentication...
[debug] [2020-10-01T21:37:26.105Z] Error: spawn cmd ENOENT
    at Process.ChildProcess._handle.onexit (internal/child_process.js:267:19)
    at onErrorNT (internal/child_process.js:467:16)
    at processTicksAndRejections (internal/process/task_queues.js:84:21)
[error] 
[error] Error: An unexpected error has occurred.
[debug] [2020-10-01T21:37:47.009Z] ----------------------------------------------------------------------
[debug] [2020-10-01T21:37:47.012Z] Command:       C:\Program Files\nodejs\node.exe C:\Users\YOGA 260\AppData\Roaming\npm\node_modules\firebase-tools\lib\bin\firebase.js login
[debug] [2020-10-01T21:37:47.013Z] CLI Version:   8.11.2
[debug] [2020-10-01T21:37:47.013Z] Platform:      win32
[debug] [2020-10-01T21:37:47.013Z] Node Version:  v13.11.0
[debug] [2020-10-01T21:37:47.015Z] Time:          Thu Oct 01 2020 23:37:47 GMT+0200 (Central European Summer Time)
[debug] [2020-10-01T21:37:47.015Z] ----------------------------------------------------------------------
[debug] [2020-10-01T21:37:47.015Z] 
[info] i  Firebase optionally collects CLI usage and error reporting information to help improve our products. Data is collected in accordance with Google's privacy policy (https://policies.google.com/privacy) and is not used to identify you.
 
[info] i  To change your data collection preference at any time, run `firebase logout` and log in again. 
[info] 
[info] Visit this URL on this device to log in:
[info] https://accounts.google.com/o/oauth2/auth?client_id=563584335869-fgrhgmd47bqnekij5i8b5pr03ho849e6.apps.googleusercontent.com&scope=email%20openid%20https%3A%2F%2Fwww.googleapis.com%2Fauth%2Fcloudplatformprojects.readonly%20https%3A%2F%2Fwww.googleapis.com%2Fauth%2Ffirebase%20https%3A%2F%2Fwww.googleapis.com%2Fauth%2Fcloud-platform&response_type=code&state=167940042&redirect_uri=http%3A%2F%2Flocalhost%3A9005
[info] 
[info] Waiting for authentication...
[debug] [2020-10-01T21:37:49.051Z] Error: spawn cmd ENOENT
    at Process.ChildProcess._handle.onexit (internal/child_process.js:267:19)
    at onErrorNT (internal/child_process.js:467:16)
    at processTicksAndRejections (internal/process/task_queues.js:84:21)
[error] 
[error] Error: An unexpected error has occurred.
[debug] [2020-10-01T21:38:00.945Z] ----------------------------------------------------------------------
[debug] [2020-10-01T21:38:00.947Z] Command:       C:\Program Files\nodejs\node.exe C:\Users\YOGA 260\AppData\Roaming\npm\node_modules\firebase-tools\lib\bin\firebase.js login
[debug] [2020-10-01T21:38:00.948Z] CLI Version:   8.11.2
[debug] [2020-10-01T21:38:00.948Z] Platform:      win32
[debug] [2020-10-01T21:38:00.948Z] Node Version:  v13.11.0
[debug] [2020-10-01T21:38:00.950Z] Time:          Thu Oct 01 2020 23:38:00 GMT+0200 (Central European Summer Time)
[debug] [2020-10-01T21:38:00.950Z] ----------------------------------------------------------------------
[debug] [2020-10-01T21:38:00.950Z] 
[info] i  Firebase optionally collects CLI usage and error reporting information to help improve our products. Data is collected in accordance with Google's privacy policy (https://policies.google.com/privacy) and is not used to identify you.
 
[info] i  To change your data collection preference at any time, run `firebase logout` and log in again. 
[info] 
[info] Visit this URL on this device to log in:
[info] https://accounts.google.com/o/oauth2/auth?client_id=563584335869-fgrhgmd47bqnekij5i8b5pr03ho849e6.apps.googleusercontent.com&scope=email%20openid%20https%3A%2F%2Fwww.googleapis.com%2Fauth%2Fcloudplatformprojects.readonly%20https%3A%2F%2Fwww.googleapis.com%2Fauth%2Ffirebase%20https%3A%2F%2Fwww.googleapis.com%2Fauth%2Fcloud-platform&response_type=code&state=1000323698&redirect_uri=http%3A%2F%2Flocalhost%3A9005
[info] 
[info] Waiting for authentication...
[debug] [2020-10-01T21:38:02.634Z] Error: spawn cmd ENOENT
    at Process.ChildProcess._handle.onexit (internal/child_process.js:267:19)
    at onErrorNT (internal/child_process.js:467:16)
    at processTicksAndRejections (internal/process/task_queues.js:84:21)
[error] 
[error] Error: An unexpected error has occurred.
[debug] [2020-10-01T21:38:13.678Z] ----------------------------------------------------------------------
[debug] [2020-10-01T21:38:13.680Z] Command:       C:\Program Files\nodejs\node.exe C:\Users\YOGA 260\AppData\Roaming\npm\node_modules\firebase-tools\lib\bin\firebase.js login
[debug] [2020-10-01T21:38:13.680Z] CLI Version:   8.11.2
[debug] [2020-10-01T21:38:13.680Z] Platform:      win32
[debug] [2020-10-01T21:38:13.680Z] Node Version:  v13.11.0
[debug] [2020-10-01T21:38:13.682Z] Time:          Thu Oct 01 2020 23:38:13 GMT+0200 (Central European Summer Time)
[debug] [2020-10-01T21:38:13.682Z] ----------------------------------------------------------------------
[debug] [2020-10-01T21:38:13.682Z] 
[info] i  Firebase optionally collects CLI usage and error reporting information to help improve our products. Data is collected in accordance with Google's privacy policy (https://policies.google.com/privacy) and is not used to identify you.
 
[info] i  To change your data collection preference at any time, run `firebase logout` and log in again. 
[info] 
[info] Visit this URL on this device to log in:
[info] https://accounts.google.com/o/oauth2/auth?client_id=563584335869-fgrhgmd47bqnekij5i8b5pr03ho849e6.apps.googleusercontent.com&scope=email%20openid%20https%3A%2F%2Fwww.googleapis.com%2Fauth%2Fcloudplatformprojects.readonly%20https%3A%2F%2Fwww.googleapis.com%2Fauth%2Ffirebase%20https%3A%2F%2Fwww.googleapis.com%2Fauth%2Fcloud-platform&response_type=code&state=496456031&redirect_uri=http%3A%2F%2Flocalhost%3A9005
[info] 
[info] Waiting for authentication...
[debug] [2020-10-01T21:38:14.916Z] Error: spawn cmd ENOENT
    at Process.ChildProcess._handle.onexit (internal/child_process.js:267:19)
    at onErrorNT (internal/child_process.js:467:16)
    at processTicksAndRejections (internal/process/task_queues.js:84:21)
[error] 
[error] Error: An unexpected error has occurred.
